# JRE version: Java(TM) SE Runtime Environment (8.0_231-b11) (build 1.8.0_231-b11)
# Java VM: Java HotSpot(TM) 64-Bit Server VM (25.231-b11 mixed mode windows-amd64 compressed oops)
Heap:
 PSYoungGen      total 295936K, used 247515K [0x000000076ab00000, 0x000000077f500000, 0x00000007c0000000)
  eden space 285184K, 83% used [0x000000076ab00000,0x0000000779285c28,0x000000077c180000)
  from space 10752K, 97% used [0x000000077ea80000,0x000000077f4b11d0,0x000000077f500000)
  to   space 24064K, 0% used [0x000000077c600000,0x000000077c600000,0x000000077dd80000)
 ParOldGen       total 220160K, used 42548K [0x00000006c0000000, 0x00000006cd700000, 0x000000076ab00000)
  object space 220160K, 19% used [0x00000006c0000000,0x00000006c298d3a0,0x00000006cd700000)
 Metaspace       used 68017K, capacity 71428K, committed 71700K, reserved 1112064K
  class space    used 8658K, capacity 9250K, committed 9276K, reserved 1048576K
GC Heap History (10 events):
Event: 12.312 GC heap before
{Heap before GC invocations=9 (full 2):
 PSYoungGen      total 154112K, used 140800K [0x000000076ab00000, 0x0000000775f00000, 0x00000007c0000000)
  eden space 140800K, 100% used [0x000000076ab00000,0x0000000773480000,0x0000000773480000)
  from space 13312K, 0% used [0x0000000774100000,0x0000000774100000,0x0000000774e00000)
  to   space 12800K, 0% used [0x0000000773480000,0x0000000773480000,0x0000000774100000)
 ParOldGen       total 147968K, used 15534K [0x00000006c0000000, 0x00000006c9080000, 0x000000076ab00000)
  object space 147968K, 10% used [0x00000006c0000000,0x00000006c0f2ba60,0x00000006c9080000)
 Metaspace       used 42827K, capacity 44506K, committed 44760K, reserved 1087488K
  class space    used 5505K, capacity 5818K, committed 5888K, reserved 1048576K
Event: 12.336 GC heap after
Heap after GC invocations=9 (full 2):
 PSYoungGen      total 153600K, used 12792K [0x000000076ab00000, 0x000000077ab00000, 0x00000007c0000000)
  eden space 140800K, 0% used [0x000000076ab00000,0x000000076ab00000,0x0000000773480000)
  from space 12800K, 99% used [0x0000000773480000,0x00000007740fe168,0x0000000774100000)
  to   space 14848K, 0% used [0x0000000779c80000,0x0000000779c80000,0x000000077ab00000)
 ParOldGen       total 147968K, used 17515K [0x00000006c0000000, 0x00000006c9080000, 0x000000076ab00000)
  object space 147968K, 11% used [0x00000006c0000000,0x00000006c111aeb8,0x00000006c9080000)
 Metaspace       used 42827K, capacity 44506K, committed 44760K, reserved 1087488K
  class space    used 5505K, capacity 5818K, committed 5888K, reserved 1048576K
}
Event: 18.101 GC heap before
{Heap before GC invocations=10 (full 2):
 PSYoungGen      total 153600K, used 153592K [0x000000076ab00000, 0x000000077ab00000, 0x00000007c0000000)
  eden space 140800K, 100% used [0x000000076ab00000,0x0000000773480000,0x0000000773480000)
  from space 12800K, 99% used [0x0000000773480000,0x00000007740fe168,0x0000000774100000)
  to   space 14848K, 0% used [0x0000000779c80000,0x0000000779c80000,0x000000077ab00000)
 ParOldGen       total 147968K, used 17515K [0x00000006c0000000, 0x00000006c9080000, 0x000000076ab00000)
  object space 147968K, 11% used [0x00000006c0000000,0x00000006c111aeb8,0x00000006c9080000)
 Metaspace       used 49990K, capacity 52042K, committed 52184K, reserved 1095680K
  class space    used 6487K, capacity 6872K, committed 6912K, reserved 1048576K
Event: 18.192 GC heap after
Heap after GC invocations=10 (full 2):
 PSYoungGen      total 241664K, used 14824K [0x000000076ab00000, 0x000000077ad80000, 0x00000007c0000000)
  eden space 226816K, 0% used [0x000000076ab00000,0x000000076ab00000,0x0000000778880000)
  from space 14848K, 99% used [0x0000000779c80000,0x000000077aafa378,0x000000077ab00000)
  to   space 18944K, 0% used [0x0000000778880000,0x0000000778880000,0x0000000779b00000)
 ParOldGen       total 147968K, used 23764K [0x00000006c0000000, 0x00000006c9080000, 0x000000076ab00000)
  object space 147968K, 16% used [0x00000006c0000000,0x00000006c17351b8,0x00000006c9080000)
 Metaspace       used 49990K, capacity 52042K, committed 52184K, reserved 1095680K
  class space    used 6487K, capacity 6872K, committed 6912K, reserved 1048576K
}
Event: 31.740 GC heap before
{Heap before GC invocations=11 (full 2):
 PSYoungGen      total 241664K, used 224595K [0x000000076ab00000, 0x000000077ad80000, 0x00000007c0000000)
  eden space 226816K, 92% used [0x000000076ab00000,0x00000007777dab90,0x0000000778880000)
  from space 14848K, 99% used [0x0000000779c80000,0x000000077aafa378,0x000000077ab00000)
  to   space 18944K, 0% used [0x0000000778880000,0x0000000778880000,0x0000000779b00000)
 ParOldGen       total 147968K, used 23764K [0x00000006c0000000, 0x00000006c9080000, 0x000000076ab00000)
  object space 147968K, 16% used [0x00000006c0000000,0x00000006c17351b8,0x00000006c9080000)
 Metaspace       used 56349K, capacity 58930K, committed 59028K, reserved 1099776K
  class space    used 7347K, capacity 7816K, committed 7868K, reserved 1048576K
Event: 31.823 GC heap after
Heap after GC invocations=11 (full 2):
 PSYoungGen      total 245760K, used 18938K [0x000000076ab00000, 0x0000000780280000, 0x00000007c0000000)
  eden space 226816K, 0% used [0x000000076ab00000,0x000000076ab00000,0x0000000778880000)
  from space 18944K, 99% used [0x0000000778880000,0x0000000779afe808,0x0000000779b00000)
  to   space 24576K, 0% used [0x000000077ea80000,0x000000077ea80000,0x0000000780280000)
 ParOldGen       total 147968K, used 32847K [0x00000006c0000000, 0x00000006c9080000, 0x000000076ab00000)
  object space 147968K, 22% used [0x00000006c0000000,0x00000006c2013f08,0x00000006c9080000)
 Metaspace       used 56349K, capacity 58930K, committed 59028K, reserved 1099776K
  class space    used 7347K, capacity 7816K, committed 7868K, reserved 1048576K
}
Event: 31.823 GC heap before
{Heap before GC invocations=12 (full 3):
 PSYoungGen      total 245760K, used 18938K [0x000000076ab00000, 0x0000000780280000, 0x00000007c0000000)
  eden space 226816K, 0% used [0x000000076ab00000,0x000000076ab00000,0x0000000778880000)
  from space 18944K, 99% used [0x0000000778880000,0x0000000779afe808,0x0000000779b00000)
  to   space 24576K, 0% used [0x000000077ea80000,0x000000077ea80000,0x0000000780280000)
 ParOldGen       total 147968K, used 32847K [0x00000006c0000000, 0x00000006c9080000, 0x000000076ab00000)
  object space 147968K, 22% used [0x00000006c0000000,0x00000006c2013f08,0x00000006c9080000)
 Metaspace       used 56349K, capacity 58930K, committed 59028K, reserved 1099776K
  class space    used 7347K, capacity 7816K, committed 7868K, reserved 1048576K
Event: 32.711 GC heap after
Heap after GC invocations=12 (full 3):
 PSYoungGen      total 245760K, used 0K [0x000000076ab00000, 0x0000000780280000, 0x00000007c0000000)
  eden space 226816K, 0% used [0x000000076ab00000,0x000000076ab00000,0x0000000778880000)
  from space 18944K, 0% used [0x0000000778880000,0x0000000778880000,0x0000000779b00000)
  to   space 24576K, 0% used [0x000000077ea80000,0x000000077ea80000,0x0000000780280000)
 ParOldGen       total 220160K, used 42540K [0x00000006c0000000, 0x00000006cd700000, 0x000000076ab00000)
  object space 220160K, 19% used [0x00000006c0000000,0x00000006c298b3a0,0x00000006cd700000)
 Metaspace       used 56326K, capacity 58894K, committed 59028K, reserved 1099776K
  class space    used 7344K, capacity 7810K, committed 7868K, reserved 1048576K
}
Event: 97.622 GC heap before
{Heap before GC invocations=13 (full 3):
 PSYoungGen      total 245760K, used 226816K [0x000000076ab00000, 0x0000000780280000, 0x00000007c0000000)
  eden space 226816K, 100% used [0x000000076ab00000,0x0000000778880000,0x0000000778880000)
  from space 18944K, 0% used [0x0000000778880000,0x0000000778880000,0x0000000779b00000)
  to   space 24576K, 0% used [0x000000077ea80000,0x000000077ea80000,0x0000000780280000)
 ParOldGen       total 220160K, used 42540K [0x00000006c0000000, 0x00000006cd700000, 0x000000076ab00000)
  object space 220160K, 19% used [0x00000006c0000000,0x00000006c298b3a0,0x00000006cd700000)
 Metaspace       used 63586K, capacity 66654K, committed 66836K, reserved 1107968K
  class space    used 8239K, capacity 8749K, committed 8764K, reserved 1048576K
Event: 97.646 GC heap after
Heap after GC invocations=13 (full 3):
 PSYoungGen      total 295936K, used 10436K [0x000000076ab00000, 0x000000077f500000, 0x00000007c0000000)
  eden space 285184K, 0% used [0x000000076ab00000,0x000000076ab00000,0x000000077c180000)
  from space 10752K, 97% used [0x000000077ea80000,0x000000077f4b11d0,0x000000077f500000)
  to   space 24064K, 0% used [0x000000077c600000,0x000000077c600000,0x000000077dd80000)
 ParOldGen       total 220160K, used 42548K [0x00000006c0000000, 0x00000006cd700000, 0x000000076ab00000)
  object space 220160K, 19% used [0x00000006c0000000,0x00000006c298d3a0,0x00000006cd700000)
 Metaspace       used 63586K, capacity 66654K, committed 66836K, reserved 1107968K
  class space    used 8239K, capacity 8749K, committed 8764K, reserved 1048576K
}

