# JRE version: Java(TM) SE Runtime Environment (8.0_91-b15) (build 1.8.0_91-b15)
# Java VM: Java HotSpot(TM) 64-Bit Server VM (25.91-b15 mixed mode windows-amd64 compressed oops)
Heap:
 PSYoungGen      total 598016K, used 308959K [0x00000000d5e00000, 0x0000000100000000, 0x0000000100000000)
  eden space 571392K, 54% used [0x00000000d5e00000,0x00000000e8bb7e90,0x00000000f8c00000)
  from space 26624K, 0% used [0x00000000f8c00000,0x00000000f8c00000,0x00000000fa600000)
  to   space 26624K, 0% used [0x00000000fe600000,0x00000000fe600000,0x0000000100000000)
 ParOldGen       total 115200K, used 40315K [0x0000000081a00000, 0x0000000088a80000, 0x00000000d5e00000)
  object space 115200K, 34% used [0x0000000081a00000,0x000000008415ef50,0x0000000088a80000)
 Metaspace       used 61408K, capacity 64762K, committed 64896K, reserved 1105920K
  class space    used 7937K, capacity 8524K, committed 8576K, reserved 1048576K
GC Heap History (10 events):
Event: 15.134 GC heap before
{Heap before GC invocations=11 (full 2):
 PSYoungGen      total 431104K, used 431078K [0x00000000d5e00000, 0x00000000f2980000, 0x0000000100000000)
  eden space 416256K, 100% used [0x00000000d5e00000,0x00000000ef480000,0x00000000ef480000)
  from space 14848K, 99% used [0x00000000f0580000,0x00000000f13f9800,0x00000000f1400000)
  to   space 17408K, 0% used [0x00000000ef480000,0x00000000ef480000,0x00000000f0580000)
 ParOldGen       total 75776K, used 21762K [0x0000000081a00000, 0x0000000086400000, 0x00000000d5e00000)
  object space 75776K, 28% used [0x0000000081a00000,0x0000000082f409b0,0x0000000086400000)
 Metaspace       used 52413K, capacity 55176K, committed 55296K, reserved 1097728K
  class space    used 6872K, capacity 7353K, committed 7424K, reserved 1048576K
Event: 15.180 GC heap after
Heap after GC invocations=11 (full 2):
 PSYoungGen      total 433664K, used 17403K [0x00000000d5e00000, 0x00000000fbe80000, 0x0000000100000000)
  eden space 416256K, 0% used [0x00000000d5e00000,0x00000000d5e00000,0x00000000ef480000)
  from space 17408K, 99% used [0x00000000ef480000,0x00000000f057ed88,0x00000000f0580000)
  to   space 25088K, 0% used [0x00000000fa600000,0x00000000fa600000,0x00000000fbe80000)
 ParOldGen       total 75776K, used 34717K [0x0000000081a00000, 0x0000000086400000, 0x00000000d5e00000)
  object space 75776K, 45% used [0x0000000081a00000,0x0000000083be76b8,0x0000000086400000)
 Metaspace       used 52413K, capacity 55176K, committed 55296K, reserved 1097728K
  class space    used 6872K, capacity 7353K, committed 7424K, reserved 1048576K
}
Event: 16.539 GC heap before
{Heap before GC invocations=12 (full 2):
 PSYoungGen      total 433664K, used 161214K [0x00000000d5e00000, 0x00000000fbe80000, 0x0000000100000000)
  eden space 416256K, 34% used [0x00000000d5e00000,0x00000000dea70ac0,0x00000000ef480000)
  from space 17408K, 99% used [0x00000000ef480000,0x00000000f057ed88,0x00000000f0580000)
  to   space 25088K, 0% used [0x00000000fa600000,0x00000000fa600000,0x00000000fbe80000)
 ParOldGen       total 75776K, used 34717K [0x0000000081a00000, 0x0000000086400000, 0x00000000d5e00000)
  object space 75776K, 45% used [0x0000000081a00000,0x0000000083be76b8,0x0000000086400000)
 Metaspace       used 55998K, capacity 58946K, committed 59008K, reserved 1099776K
  class space    used 7271K, capacity 7775K, committed 7808K, reserved 1048576K
Event: 16.571 GC heap after
Heap after GC invocations=12 (full 2):
 PSYoungGen      total 596480K, used 18680K [0x00000000d5e00000, 0x00000000fc080000, 0x0000000100000000)
  eden space 571392K, 0% used [0x00000000d5e00000,0x00000000d5e00000,0x00000000f8c00000)
  from space 25088K, 74% used [0x00000000fa600000,0x00000000fb83e020,0x00000000fbe80000)
  to   space 26624K, 0% used [0x00000000f8c00000,0x00000000f8c00000,0x00000000fa600000)
 ParOldGen       total 75776K, used 40257K [0x0000000081a00000, 0x0000000086400000, 0x00000000d5e00000)
  object space 75776K, 53% used [0x0000000081a00000,0x0000000084150460,0x0000000086400000)
 Metaspace       used 55998K, capacity 58946K, committed 59008K, reserved 1099776K
  class space    used 7271K, capacity 7775K, committed 7808K, reserved 1048576K
}
Event: 16.571 GC heap before
{Heap before GC invocations=13 (full 3):
 PSYoungGen      total 596480K, used 18680K [0x00000000d5e00000, 0x00000000fc080000, 0x0000000100000000)
  eden space 571392K, 0% used [0x00000000d5e00000,0x00000000d5e00000,0x00000000f8c00000)
  from space 25088K, 74% used [0x00000000fa600000,0x00000000fb83e020,0x00000000fbe80000)
  to   space 26624K, 0% used [0x00000000f8c00000,0x00000000f8c00000,0x00000000fa600000)
 ParOldGen       total 75776K, used 40257K [0x0000000081a00000, 0x0000000086400000, 0x00000000d5e00000)
  object space 75776K, 53% used [0x0000000081a00000,0x0000000084150460,0x0000000086400000)
 Metaspace       used 55998K, capacity 58946K, committed 59008K, reserved 1099776K
  class space    used 7271K, capacity 7775K, committed 7808K, reserved 1048576K
Event: 16.786 GC heap after
Heap after GC invocations=13 (full 3):
 PSYoungGen      total 596480K, used 0K [0x00000000d5e00000, 0x00000000fc080000, 0x0000000100000000)
  eden space 571392K, 0% used [0x00000000d5e00000,0x00000000d5e00000,0x00000000f8c00000)
  from space 25088K, 0% used [0x00000000fa600000,0x00000000fa600000,0x00000000fbe80000)
  to   space 26624K, 0% used [0x00000000f8c00000,0x00000000f8c00000,0x00000000fa600000)
 ParOldGen       total 115200K, used 42840K [0x0000000081a00000, 0x0000000088a80000, 0x00000000d5e00000)
  object space 115200K, 37% used [0x0000000081a00000,0x00000000843d60d8,0x0000000088a80000)
 Metaspace       used 55994K, capacity 58940K, committed 59008K, reserved 1099776K
  class space    used 7271K, capacity 7774K, committed 7808K, reserved 1048576K
}
Event: 206.582 GC heap before
{Heap before GC invocations=14 (full 3):
 PSYoungGen      total 596480K, used 168930K [0x00000000d5e00000, 0x00000000fc080000, 0x0000000100000000)
  eden space 571392K, 29% used [0x00000000d5e00000,0x00000000e02f8b20,0x00000000f8c00000)
  from space 25088K, 0% used [0x00000000fa600000,0x00000000fa600000,0x00000000fbe80000)
  to   space 26624K, 0% used [0x00000000f8c00000,0x00000000f8c00000,0x00000000fa600000)
 ParOldGen       total 115200K, used 42840K [0x0000000081a00000, 0x0000000088a80000, 0x00000000d5e00000)
  object space 115200K, 37% used [0x0000000081a00000,0x00000000843d60d8,0x0000000088a80000)
 Metaspace       used 60305K, capacity 63460K, committed 63744K, reserved 1103872K
  class space    used 7853K, capacity 8401K, committed 8448K, reserved 1048576K
Event: 206.592 GC heap after
Heap after GC invocations=14 (full 3):
 PSYoungGen      total 598016K, used 4176K [0x00000000d5e00000, 0x0000000100000000, 0x0000000100000000)
  eden space 571392K, 0% used [0x00000000d5e00000,0x00000000d5e00000,0x00000000f8c00000)
  from space 26624K, 15% used [0x00000000f8c00000,0x00000000f9014080,0x00000000fa600000)
  to   space 26624K, 0% used [0x00000000fe600000,0x00000000fe600000,0x0000000100000000)
 ParOldGen       total 115200K, used 42848K [0x0000000081a00000, 0x0000000088a80000, 0x00000000d5e00000)
  object space 115200K, 37% used [0x0000000081a00000,0x00000000843d80d8,0x0000000088a80000)
 Metaspace       used 60305K, capacity 63460K, committed 63744K, reserved 1103872K
  class space    used 7853K, capacity 8401K, committed 8448K, reserved 1048576K
}
Event: 206.592 GC heap before
{Heap before GC invocations=15 (full 4):
 PSYoungGen      total 598016K, used 4176K [0x00000000d5e00000, 0x0000000100000000, 0x0000000100000000)
  eden space 571392K, 0% used [0x00000000d5e00000,0x00000000d5e00000,0x00000000f8c00000)
  from space 26624K, 15% used [0x00000000f8c00000,0x00000000f9014080,0x00000000fa600000)
  to   space 26624K, 0% used [0x00000000fe600000,0x00000000fe600000,0x0000000100000000)
 ParOldGen       total 115200K, used 42848K [0x0000000081a00000, 0x0000000088a80000, 0x00000000d5e00000)
  object space 115200K, 37% used [0x0000000081a00000,0x00000000843d80d8,0x0000000088a80000)
 Metaspace       used 60305K, capacity 63460K, committed 63744K, reserved 1103872K
  class space    used 7853K, capacity 8401K, committed 8448K, reserved 1048576K
Event: 206.786 GC heap after
Heap after GC invocations=15 (full 4):
 PSYoungGen      total 598016K, used 0K [0x00000000d5e00000, 0x0000000100000000, 0x0000000100000000)
  eden space 571392K, 0% used [0x00000000d5e00000,0x00000000d5e00000,0x00000000f8c00000)
  from space 26624K, 0% used [0x00000000f8c00000,0x00000000f8c00000,0x00000000fa600000)
  to   space 26624K, 0% used [0x00000000fe600000,0x00000000fe600000,0x0000000100000000)
 ParOldGen       total 115200K, used 40315K [0x0000000081a00000, 0x0000000088a80000, 0x00000000d5e00000)
  object space 115200K, 34% used [0x0000000081a00000,0x000000008415ef50,0x0000000088a80000)
 Metaspace       used 60305K, capacity 63460K, committed 63744K, reserved 1103872K
  class space    used 7853K, capacity 8401K, committed 8448K, reserved 1048576K
}

